<?xml version="1.0" encoding="UTF-8"?>
<testng-results ignored="0" total="1" passed="1" failed="0" skipped="0">
  <reporter-output>
  </reporter-output>
  <suite started-at="2023-10-09T01:40:43 GST" name="Default suite" finished-at="2023-10-09T01:40:58 GST" duration-ms="14754">
    <groups>
    </groups>
    <test started-at="2023-10-09T01:40:43 GST" name="Default test" finished-at="2023-10-09T01:40:58 GST" duration-ms="14754">
      <class name="com.guru99.test.HomePage">
        <test-method is-config="true" signature="invokeBrowser()[pri:0, instance:com.guru99.test.HomePage@3e694b3f]" started-at="2023-10-09T01:40:43 GST" name="invokeBrowser" finished-at="2023-10-09T01:40:52 GST" duration-ms="8569" status="PASS">
          <reporter-output>
          </reporter-output>
        </test-method> <!-- invokeBrowser -->
        <test-method signature="verifyLogin()[pri:0, instance:com.guru99.test.HomePage@3e694b3f]" started-at="2023-10-09T01:40:52 GST" name="verifyLogin" finished-at="2023-10-09T01:40:58 GST" duration-ms="5811" status="PASS">
          <reporter-output>
          </reporter-output>
        </test-method> <!-- verifyLogin -->
        <test-method is-config="true" signature="closeBrowser()[pri:0, instance:com.guru99.test.HomePage@3e694b3f]" started-at="2023-10-09T01:40:58 GST" name="closeBrowser" finished-at="2023-10-09T01:40:58 GST" duration-ms="308" status="PASS">
          <reporter-output>
          </reporter-output>
        </test-method> <!-- closeBrowser -->
      </class> <!-- com.guru99.test.HomePage -->
    </test> <!-- Default test -->
  </suite> <!-- Default suite -->
</testng-results>
